		     Call graph (explanation follows)


granularity: each sample hit covers 4 byte(s) for 0.01% of 172.66 seconds

index % time    self  children    called     name
                                                 <spontaneous>
[1]     99.8    0.01  172.27                 main [1]
                0.49  170.69  300000/300000      index_addpath [2]
                0.56    0.22  300000/300000      tokenize_file [11]
                0.30    0.00  300000/300000      list_destroy [13]
                0.00    0.01       1/1           find_files [18]
                0.01    0.00  300002/600003      concatenate_strings [17]
                0.00    0.00  300000/81598593     list_next [15]
                0.00    0.00  300001/81898594     list_hasnext [16]
                0.00    0.00  300000/300001      list_create [21]
                0.00    0.00  300000/300000      list_destroyiter [24]
                0.00    0.00     601/601         gettime [26]
                0.00    0.00     300/300         set_size [28]
                0.00    0.00     300/300         index_n_words [27]
                0.00    0.00       1/1           is_valid_directory [30]
                0.00    0.00       1/1           index_create [29]
                0.00    0.00       1/300001      list_createiter [22]
                0.00    0.00       1/300001      list_size [23]
-----------------------------------------------
                0.49  170.69  300000/300000      main [1]
[2]     99.1    0.49  170.69  300000         index_addpath [2]
                0.36  108.87 81298593/81298593     set_add [4]
               29.96   21.58 81298593/81298593     set_tryadd [5]
                4.43    2.85 80564203/80564203     map_put [8]
                1.53    1.00 81298593/81298593     map_get [10]
                0.10    0.00 81298593/81598593     list_next [15]
                0.01    0.00 81598593/81898594     list_hasnext [16]
                0.00    0.00  407524/407525      set_create [20]
                0.00    0.00  300000/300001      list_size [23]
                0.00    0.00  300000/300001      list_createiter [22]
                0.00    0.00  300000/300000      map_create [25]
-----------------------------------------------
                             753429151             insert [3]
                0.30    0.25  407524/81706117     set_tryadd [5]
               59.24   49.63 81298593/81706117     set_add [4]
[3]     63.4   59.54   49.88 81706117+753429151 insert [3]
               49.77    0.00 746840020/746840020     compare_idocs_by_path [6]
                0.11    0.00 7323521/1471637682     strcmp_iwords [7]
                             753429151             insert [3]
-----------------------------------------------
                0.36  108.87 81298593/81298593     index_addpath [2]
[4]     63.3    0.36  108.87 81298593         set_add [4]
               59.24   49.63 81298593/81706117     insert [3]
-----------------------------------------------
               29.96   21.58 81298593/81298593     index_addpath [2]
[5]     29.9   29.96   21.58 81298593         set_tryadd [5]
               21.03    0.00 1464314161/1471637682     strcmp_iwords [7]
                0.30    0.25  407524/81706117     insert [3]
-----------------------------------------------
               49.77    0.00 746840020/746840020     insert [3]
[6]     28.8   49.77    0.00 746840020         compare_idocs_by_path [6]
-----------------------------------------------
                0.11    0.00 7323521/1471637682     insert [3]
               21.03    0.00 1464314161/1471637682     set_tryadd [5]
[7]     12.2   21.14    0.00 1471637682         strcmp_iwords [7]
-----------------------------------------------
                             151200000             map_put [8]
                4.43    2.85 80564203/80564203     index_addpath [2]
[8]      4.2    4.43    2.85 80564203+151200000 map_put [8]
                2.85    0.00 231764203/313062796     hash_string [9]
                             151200000             map_put [8]
-----------------------------------------------
                1.00    0.00 81298593/313062796     map_get [10]
                2.85    0.00 231764203/313062796     map_put [8]
[9]      2.2    3.85    0.00 313062796         hash_string [9]
-----------------------------------------------
                1.53    1.00 81298593/81298593     index_addpath [2]
[10]     1.5    1.53    1.00 81298593         map_get [10]
                1.00    0.00 81298593/313062796     hash_string [9]
-----------------------------------------------
                0.56    0.22  300000/300000      main [1]
[11]     0.5    0.56    0.22  300000         tokenize_file [11]
                0.22    0.00 81298593/81598594     list_addlast [14]
-----------------------------------------------
                                                 <spontaneous>
[12]     0.2    0.38    0.00                 _init [12]
-----------------------------------------------
                0.30    0.00  300000/300000      main [1]
[13]     0.2    0.30    0.00  300000         list_destroy [13]
-----------------------------------------------
                0.00    0.00  300001/81598594     _find_files [19]
                0.22    0.00 81298593/81598594     tokenize_file [11]
[14]     0.1    0.22    0.00 81598594         list_addlast [14]
-----------------------------------------------
                0.00    0.00  300000/81598593     main [1]
                0.10    0.00 81298593/81598593     index_addpath [2]
[15]     0.1    0.10    0.00 81598593         list_next [15]
-----------------------------------------------
                0.00    0.00  300001/81898594     main [1]
                0.01    0.00 81598593/81898594     index_addpath [2]
[16]     0.0    0.01    0.00 81898594         list_hasnext [16]
-----------------------------------------------
                0.00    0.00  300001/600003      _find_files [19]
                0.01    0.00  300002/600003      main [1]
[17]     0.0    0.01    0.00  600003         concatenate_strings [17]
-----------------------------------------------
                0.00    0.01       1/1           main [1]
[18]     0.0    0.00    0.01       1         find_files [18]
                0.00    0.01       1/1           _find_files [19]
                0.00    0.00       1/300001      list_create [21]
-----------------------------------------------
                0.00    0.01       1/1           find_files [18]
[19]     0.0    0.00    0.01       1         _find_files [19]
                0.00    0.00  300001/600003      concatenate_strings [17]
                0.00    0.00  300001/81598594     list_addlast [14]
-----------------------------------------------
                0.00    0.00       1/407525      index_create [29]
                0.00    0.00  407524/407525      index_addpath [2]
[20]     0.0    0.00    0.00  407525         set_create [20]
-----------------------------------------------
                0.00    0.00       1/300001      find_files [18]
                0.00    0.00  300000/300001      main [1]
[21]     0.0    0.00    0.00  300001         list_create [21]
-----------------------------------------------
                0.00    0.00       1/300001      main [1]
                0.00    0.00  300000/300001      index_addpath [2]
[22]     0.0    0.00    0.00  300001         list_createiter [22]
-----------------------------------------------
                0.00    0.00       1/300001      main [1]
                0.00    0.00  300000/300001      index_addpath [2]
[23]     0.0    0.00    0.00  300001         list_size [23]
-----------------------------------------------
                0.00    0.00  300000/300000      main [1]
[24]     0.0    0.00    0.00  300000         list_destroyiter [24]
-----------------------------------------------
                0.00    0.00  300000/300000      index_addpath [2]
[25]     0.0    0.00    0.00  300000         map_create [25]
-----------------------------------------------
                0.00    0.00     601/601         main [1]
[26]     0.0    0.00    0.00     601         gettime [26]
-----------------------------------------------
                0.00    0.00     300/300         main [1]
[27]     0.0    0.00    0.00     300         index_n_words [27]
-----------------------------------------------
                0.00    0.00     300/300         main [1]
[28]     0.0    0.00    0.00     300         set_size [28]
-----------------------------------------------
                0.00    0.00       1/1           main [1]
[29]     0.0    0.00    0.00       1         index_create [29]
                0.00    0.00       1/407525      set_create [20]
                0.00    0.00       1/1           parser_create [31]
-----------------------------------------------
                0.00    0.00       1/1           main [1]
[30]     0.0    0.00    0.00       1         is_valid_directory [30]
-----------------------------------------------
                0.00    0.00       1/1           index_create [29]
[31]     0.0    0.00    0.00       1         parser_create [31]
-----------------------------------------------

 This table describes the call tree of the program, and was sorted by
 the total amount of time spent in each function and its children.

 Each entry in this table consists of several lines.  The line with the
 index number at the left hand margin lists the current function.
 The lines above it list the functions that called this function,
 and the lines below it list the functions this one called.
 This line lists:
     index	A unique number given to each element of the table.
		Index numbers are sorted numerically.
		The index number is printed next to every function name so
		it is easier to look up where the function is in the table.

     % time	This is the percentage of the `total' time that was spent
		in this function and its children.  Note that due to
		different viewpoints, functions excluded by options, etc,
		these numbers will NOT add up to 100%.

     self	This is the total amount of time spent in this function.

     children	This is the total amount of time propagated into this
		function by its children.

     called	This is the number of times the function was called.
		If the function called itself recursively, the number
		only includes non-recursive calls, and is followed by
		a `+' and the number of recursive calls.

     name	The name of the current function.  The index number is
		printed after it.  If the function is a member of a
		cycle, the cycle number is printed between the
		function's name and the index number.


 For the function's parents, the fields have the following meanings:

     self	This is the amount of time that was propagated directly
		from the function into this parent.

     children	This is the amount of time that was propagated from
		the function's children into this parent.

     called	This is the number of times this parent called the
		function `/' the total number of times the function
		was called.  Recursive calls to the function are not
		included in the number after the `/'.

     name	This is the name of the parent.  The parent's index
		number is printed after it.  If the parent is a
		member of a cycle, the cycle number is printed between
		the name and the index number.

 If the parents of the function cannot be determined, the word
 `<spontaneous>' is printed in the `name' field, and all the other
 fields are blank.

 For the function's children, the fields have the following meanings:

     self	This is the amount of time that was propagated directly
		from the child into the function.

     children	This is the amount of time that was propagated from the
		child's children to the function.

     called	This is the number of times the function called
		this child `/' the total number of times the child
		was called.  Recursive calls by the child are not
		listed in the number after the `/'.

     name	This is the name of the child.  The child's index
		number is printed after it.  If the child is a
		member of a cycle, the cycle number is printed
		between the name and the index number.

 If there are any cycles (circles) in the call graph, there is an
 entry for the cycle-as-a-whole.  This entry shows who called the
 cycle (as parents) and the members of the cycle (as children.)
 The `+' recursive calls entry shows the number of function calls that
 were internal to the cycle, and the calls entry for each member shows,
 for that member, how many times it was called from other members of
 the cycle.

Copyright (C) 2012-2022 Free Software Foundation, Inc.

Copying and distribution of this file, with or without modification,
are permitted in any medium without royalty provided the copyright
notice and this notice are preserved.

Index by function name

  [19] _find_files (common.c) [30] is_valid_directory     [10] map_get
  [12] _init                  [14] list_addlast            [8] map_put
   [6] compare_idocs_by_path  [21] list_create            [31] parser_create
  [17] concatenate_strings    [22] list_createiter         [4] set_add
  [18] find_files             [13] list_destroy           [20] set_create
  [26] gettime                [24] list_destroyiter       [28] set_size
   [9] hash_string            [16] list_hasnext            [5] set_tryadd
   [2] index_addpath          [15] list_next               [7] strcmp_iwords
  [29] index_create           [23] list_size              [11] tokenize_file
  [27] index_n_words           [1] main
   [3] insert (aatreeset.c)   [25] map_create
